<?xml version="1.0" encoding="UTF-8"?>
<!-- Generated by org.testng.reporters.JUnitXMLReporter -->
<testsuite hostname="LAPTOP-RT8DVNCG" name="Test" tests="10" failures="0" timestamp="19 Aug 2019 07:04:19 GMT" time="2658.582" errors="0">
  <testcase name="DsCSVb" time="97.392" classname="DisableSerologyVerifaction.DsCSVb"/>
  <testcase name="DsCVbS" time="122.384" classname="DisableSerologyVerifaction.DsCVbS"/>
  <testcase name="DsSCVb" time="183.358" classname="DisableSerologyVerifaction.DsSCVb"/>
  <testcase name="DsVbCS" time="141.449" classname="DisableSerologyVerifaction.DsVbCS"/>
  <testcase name="DsVbSC" time="284.428" classname="DisableSerologyVerifaction.DsVbSC"/>
  <testcase name="createPatient" time="131.754" classname="PatientManagement.createPatient"/>
  <testcase name="Crossmatch" time="495.45" classname="PatientManagement.Crossmatch"/>
  <testcase name="CrossmatchmismachBlood" time="478.024" classname="PatientManagement.CrossmatchmismachBlood"/>
  <testcase name="CrossmatchWithExpired" time="563.746" classname="PatientManagement.CrossmatchWithExpired"/>
  <testcase name="NameBlank" time="160.497" classname="PatientManagement.NameBlank"/>
</testsuite> <!-- Test -->
