<?xml version="1.0" encoding="UTF-8"?>
<testng-results skipped="0" failed="0" total="1" passed="1">
  <reporter-output>
  </reporter-output>
  <suite name="Default suite" duration-ms="264764" started-at="2019-08-19T10:17:04Z" finished-at="2019-08-19T10:21:29Z">
    <groups>
    </groups>
    <test name="Default test" duration-ms="264764" started-at="2019-08-19T10:17:04Z" finished-at="2019-08-19T10:21:29Z">
      <class name="Update.EndToEnd">
        <test-method status="PASS" signature="EndToEnd()[pri:0, instance:Update.EndToEnd@485966cc]" name="EndToEnd" duration-ms="264603" started-at="2019-08-19T15:47:05Z" finished-at="2019-08-19T15:51:29Z">
          <reporter-output>
          </reporter-output>
        </test-method> <!-- EndToEnd -->
      </class> <!-- Update.EndToEnd -->
    </test> <!-- Default test -->
  </suite> <!-- Default suite -->
</testng-results>
